<?xml version="1.0" encoding="UTF-8"?>
<!-- Generated by org.testng.reporters.JUnitXMLReporter -->
<testsuite hostname="DESKTOP-GHB7O0N" ignored="0" name="Default test" tests="14" failures="0" timestamp="19 May 2020 14:47:15 GMT" time="5.435" errors="0">
  <testcase name="@BeforeTest initalization" time="5.237" classname="selenium.firstTestin.completeTesting">
    <failure type="org.openqa.selenium.WebDriverException" message="unknown error: cannot determine loading status
from disconnected: received Inspector.detached event
  (Session info: chrome=81.0.4044.138)
Build info: version: &amp;apos;3.141.59&amp;apos;, revision: &amp;apos;e82be7d358&amp;apos;, time: &amp;apos;2018-11-14T08:17:03&amp;apos;
System info: host: &amp;apos;DESKTOP-GHB7O0N&amp;apos;, ip: &amp;apos;192.168.0.109&amp;apos;, os.name: &amp;apos;Windows 10&amp;apos;, os.arch: &amp;apos;amd64&amp;apos;, os.version: &amp;apos;10.0&amp;apos;, java.version: &amp;apos;1.8.0_251&amp;apos;
Driver info: org.openqa.selenium.chrome.ChromeDriver
Capabilities {acceptInsecureCerts: false, browserName: chrome, browserVersion: 81.0.4044.138, chrome: {chromedriverVersion: 81.0.4044.138 (8c6c7ba89cc9..., userDataDir: C:\Users\sushanth\AppData\L...}, goog:chromeOptions: {debuggerAddress: localhost:51077}, javascriptEnabled: true, networkConnectionEnabled: false, pageLoadStrategy: normal, platform: WINDOWS, platformName: WINDOWS, proxy: Proxy(), setWindowRect: true, strictFileInteractability: false, timeouts: {implicit: 0, pageLoad: 300000, script: 30000}, unhandledPromptBehavior: dismiss and notify, webauthn:virtualAuthenticators: true}
Session ID: 4f684b778e2b0aa28388202d489b4f82">
      <![CDATA[org.openqa.selenium.WebDriverException: unknown error: cannot determine loading status
from disconnected: received Inspector.detached event
  (Session info: chrome=81.0.4044.138)
Build info: version: '3.141.59', revision: 'e82be7d358', time: '2018-11-14T08:17:03'
System info: host: 'DESKTOP-GHB7O0N', ip: '192.168.0.109', os.name: 'Windows 10', os.arch: 'amd64', os.version: '10.0', java.version: '1.8.0_251'
Driver info: org.openqa.selenium.chrome.ChromeDriver
Capabilities {acceptInsecureCerts: false, browserName: chrome, browserVersion: 81.0.4044.138, chrome: {chromedriverVersion: 81.0.4044.138 (8c6c7ba89cc9..., userDataDir: C:\Users\sushanth\AppData\L...}, goog:chromeOptions: {debuggerAddress: localhost:51077}, javascriptEnabled: true, networkConnectionEnabled: false, pageLoadStrategy: normal, platform: WINDOWS, platformName: WINDOWS, proxy: Proxy(), setWindowRect: true, strictFileInteractability: false, timeouts: {implicit: 0, pageLoad: 300000, script: 30000}, unhandledPromptBehavior: dismiss and notify, webauthn:virtualAuthenticators: true}
Session ID: 4f684b778e2b0aa28388202d489b4f82
at sun.reflect.NativeConstructorAccessorImpl.newInstance0(Native Method)
at sun.reflect.NativeConstructorAccessorImpl.newInstance(Unknown Source)
at sun.reflect.DelegatingConstructorAccessorImpl.newInstance(Unknown Source)
at java.lang.reflect.Constructor.newInstance(Unknown Source)
at org.openqa.selenium.remote.http.W3CHttpResponseCodec.createException(W3CHttpResponseCodec.java:187)
at org.openqa.selenium.remote.http.W3CHttpResponseCodec.decode(W3CHttpResponseCodec.java:122)
at org.openqa.selenium.remote.http.W3CHttpResponseCodec.decode(W3CHttpResponseCodec.java:49)
at org.openqa.selenium.remote.HttpCommandExecutor.execute(HttpCommandExecutor.java:158)
at org.openqa.selenium.remote.service.DriverCommandExecutor.execute(DriverCommandExecutor.java:83)
at org.openqa.selenium.remote.RemoteWebDriver.execute(RemoteWebDriver.java:552)
at org.openqa.selenium.remote.RemoteWebDriver.get(RemoteWebDriver.java:277)
at selenium.firstTestin.completeTesting.initalization(completeTesting.java:27)
at sun.reflect.NativeMethodAccessorImpl.invoke0(Native Method)
at sun.reflect.NativeMethodAccessorImpl.invoke(Unknown Source)
at sun.reflect.DelegatingMethodAccessorImpl.invoke(Unknown Source)
at java.lang.reflect.Method.invoke(Unknown Source)
at org.testng.internal.MethodInvocationHelper.invokeMethod(MethodInvocationHelper.java:124)
at org.testng.internal.MethodInvocationHelper.invokeMethodConsideringTimeout(MethodInvocationHelper.java:59)
at org.testng.internal.Invoker.invokeConfigurationMethod(Invoker.java:458)
at org.testng.internal.Invoker.invokeConfigurations(Invoker.java:222)
at org.testng.internal.Invoker.invokeConfigurations(Invoker.java:142)
at org.testng.TestRunner.beforeRun(TestRunner.java:529)
at org.testng.TestRunner.run(TestRunner.java:497)
at org.testng.SuiteRunner.runTest(SuiteRunner.java:455)
at org.testng.SuiteRunner.runSequentially(SuiteRunner.java:450)
at org.testng.SuiteRunner.privateRun(SuiteRunner.java:415)
at org.testng.SuiteRunner.run(SuiteRunner.java:364)
at org.testng.SuiteRunnerWorker.runSuite(SuiteRunnerWorker.java:52)
at org.testng.SuiteRunnerWorker.run(SuiteRunnerWorker.java:84)
at org.testng.TestNG.runSuitesSequentially(TestNG.java:1208)
at org.testng.TestNG.runSuitesLocally(TestNG.java:1137)
at org.testng.TestNG.runSuites(TestNG.java:1049)
at org.testng.TestNG.run(TestNG.java:1017)
at org.testng.remote.AbstractRemoteTestNG.run(AbstractRemoteTestNG.java:114)
at org.testng.remote.RemoteTestNG.initAndRun(RemoteTestNG.java:251)
at org.testng.remote.RemoteTestNG.main(RemoteTestNG.java:77)
]]>
    </failure>
  </testcase> <!-- @BeforeTest initalization -->
  <testcase name="@AfterTest quit" time="0.0" classname="selenium.firstTestin.completeTesting">
    <skipped/>
  </testcase> <!-- @AfterTest quit -->
  <testcase name="testMenuItems" time="0.0" classname="selenium.firstTestin.completeTesting">
    <skipped/>
  </testcase> <!-- testMenuItems -->
  <testcase name="testHomeItem" time="0.0" classname="selenium.firstTestin.completeTesting">
    <skipped/>
  </testcase> <!-- testHomeItem -->
  <testcase name="sideButtons" time="0.0" classname="selenium.firstTestin.completeTesting">
    <skipped/>
  </testcase> <!-- sideButtons -->
  <testcase name="testHobiies" time="0.0" classname="selenium.firstTestin.completeTesting">
    <skipped/>
  </testcase> <!-- testHobiies -->
  <testcase name="testCustomerIcons" time="0.0" classname="selenium.firstTestin.completeTesting">
    <skipped/>
  </testcase> <!-- testCustomerIcons -->
  <testcase name="testViewWebsite" time="0.0" classname="selenium.firstTestin.completeTesting">
    <skipped/>
  </testcase> <!-- testViewWebsite -->
  <testcase name="testProjectsItem" time="0.0" classname="selenium.firstTestin.completeTesting">
    <skipped/>
  </testcase> <!-- testProjectsItem -->
  <testcase name="testdeliveryProcessProject" time="0.0" classname="selenium.firstTestin.completeTesting">
    <skipped/>
  </testcase> <!-- testdeliveryProcessProject -->
  <testcase name="infrastructreProject" time="0.0" classname="selenium.firstTestin.completeTesting">
    <skipped/>
  </testcase> <!-- infrastructreProject -->
  <testcase name="rightSideClick" time="0.0" classname="selenium.firstTestin.completeTesting">
    <skipped/>
  </testcase> <!-- rightSideClick -->
  <testcase name="deploymentProject" time="0.0" classname="selenium.firstTestin.completeTesting">
    <skipped/>
  </testcase> <!-- deploymentProject -->
  <testcase name="fileTransfer" time="0.0" classname="selenium.firstTestin.completeTesting">
    <skipped/>
  </testcase> <!-- fileTransfer -->
  <testcase name="leftSideClick" time="0.0" classname="selenium.firstTestin.completeTesting">
    <skipped/>
  </testcase> <!-- leftSideClick -->
  <testcase name="testContactItem" time="0.0" classname="selenium.firstTestin.completeTesting">
    <skipped/>
  </testcase> <!-- testContactItem -->
</testsuite> <!-- Default test -->
